Release 14.7 - xst P.20131013 (nt)
Copyright (c) 1995-2013 Xilinx, Inc.  All rights reserved.
--> Parameter TMPDIR set to xst/projnav.tmp


Total REAL time to Xst completion: 0.00 secs
Total CPU time to Xst completion: 0.17 secs
 
--> Parameter xsthdpdir set to xst


Total REAL time to Xst completion: 0.00 secs
Total CPU time to Xst completion: 0.17 secs
 
--> Reading design: L1_muu.prj

TABLE OF CONTENTS
  1) Synthesis Options Summary
  2) HDL Parsing
  3) HDL Elaboration
  4) HDL Synthesis
       4.1) HDL Synthesis Report
  5) Advanced HDL Synthesis
       5.1) Advanced HDL Synthesis Report
  6) Low Level Synthesis
  7) Partition Report
  8) Design Summary
       8.1) Primitive and Black Box Usage
       8.2) Device utilization summary
       8.3) Partition Resource Summary
       8.4) Timing Report
            8.4.1) Clock Information
            8.4.2) Asynchronous Control Signals Information
            8.4.3) Timing Summary
            8.4.4) Timing Details
            8.4.5) Cross Clock Domains Report


=========================================================================
*                      Synthesis Options Summary                        *
=========================================================================
---- Source Parameters
Input File Name                    : "L1_muu.prj"
Ignore Synthesis Constraint File   : NO

---- Target Parameters
Output File Name                   : "L1_muu"
Output Format                      : NGC
Target Device                      : xc6slx45-3-fgg484

---- Source Options
Top Module Name                    : L1_muu
Automatic FSM Extraction           : YES
FSM Encoding Algorithm             : Auto
Safe Implementation                : No
FSM Style                          : LUT
RAM Extraction                     : Yes
RAM Style                          : Auto
ROM Extraction                     : Yes
Shift Register Extraction          : YES
ROM Style                          : Auto
Resource Sharing                   : YES
Asynchronous To Synchronous        : NO
Shift Register Minimum Size        : 2
Use DSP Block                      : Auto
Automatic Register Balancing       : No

---- Target Options
LUT Combining                      : Auto
Reduce Control Sets                : Auto
Add IO Buffers                     : YES
Global Maximum Fanout              : 100000
Add Generic Clock Buffer(BUFG)     : 16
Register Duplication               : YES
Optimize Instantiated Primitives   : NO
Use Clock Enable                   : Auto
Use Synchronous Set                : Auto
Use Synchronous Reset              : Auto
Pack IO Registers into IOBs        : Auto
Equivalent register Removal        : YES

---- General Options
Optimization Goal                  : Speed
Optimization Effort                : 1
Power Reduction                    : NO
Keep Hierarchy                     : No
Netlist Hierarchy                  : As_Optimized
RTL Output                         : Yes
Global Optimization                : AllClockNets
Read Cores                         : YES
Write Timing Constraints           : NO
Cross Clock Analysis               : NO
Hierarchy Separator                : /
Bus Delimiter                      : <>
Case Specifier                     : Maintain
Slice Utilization Ratio            : 100
BRAM Utilization Ratio             : 100
DSP48 Utilization Ratio            : 100
Auto BRAM Packing                  : NO
Slice Utilization Ratio Delta      : 5

---- Other Options
Cores Search Directories           : {"ipcore_dir"  }

=========================================================================


=========================================================================
*                          HDL Parsing                                  *
=========================================================================
Parsing VHDL file "F:\EVM\Cash_proj\L1_muu.vhd" into library work
Parsing entity <L1_muu>.
Parsing architecture <L1_muu_arch> of entity <l1_muu>.

=========================================================================
*                            HDL Elaboration                            *
=========================================================================

Elaborating entity <L1_muu> (architecture <L1_muu_arch>) from library <work>.

=========================================================================
*                           HDL Synthesis                               *
=========================================================================

Synthesizing Unit <L1_muu>.
    Related source file is "F:\EVM\Cash_proj\L1_muu.vhd".
    Found 3-bit register for signal <state>.
    Found finite state machine <FSM_0> for signal <state>.
    -----------------------------------------------------------------------
    | States             | 5                                              |
    | Transitions        | 13                                             |
    | Inputs             | 5                                              |
    | Outputs            | 5                                              |
    | Clock              | clk (rising_edge)                              |
    | Reset              | clr (positive)                                 |
    | Reset type         | synchronous                                    |
    | Reset State        | st_init                                        |
    | Power Up State     | st_init                                        |
    | Encoding           | auto                                           |
    | Implementation     | LUT                                            |
    -----------------------------------------------------------------------
    Summary:
	inferred   1 Finite State Machine(s).
Unit <L1_muu> synthesized.

=========================================================================
HDL Synthesis Report

Macro Statistics
# FSMs                                                 : 1

=========================================================================

=========================================================================
*                       Advanced HDL Synthesis                          *
=========================================================================


=========================================================================
Advanced HDL Synthesis Report

Macro Statistics
# FSMs                                                 : 1

=========================================================================

=========================================================================
*                         Low Level Synthesis                           *
=========================================================================
Analyzing FSM <MFsm> for best encoding.
Optimizing FSM <FSM_0> on signal <state[1:3]> with user encoding.
------------------------
 State      | Encoding
------------------------
 st_init    | 000
 st_load    | 001
 st_read    | 010
 st_write   | 011
 st_l2write | 100
------------------------

Optimizing unit <L1_muu> ...

Mapping all equations...
Building and optimizing final netlist ...
Found area constraint ratio of 100 (+ 5) on block L1_muu, actual ratio is 0.

Final Macro Processing ...

=========================================================================
Final Register Report

Macro Statistics
# Registers                                            : 3
 Flip-Flops                                            : 3

=========================================================================

=========================================================================
*                           Partition Report                            *
=========================================================================

Partition Implementation Status
-------------------------------

  No Partitions were found in this design.

-------------------------------

=========================================================================
*                            Design Summary                             *
=========================================================================

Top Level Output File Name         : L1_muu.ngc

Primitive and Black Box Usage:
------------------------------
# BELS                             : 13
#      GND                         : 1
#      LUT2                        : 4
#      LUT3                        : 3
#      LUT4                        : 2
#      LUT6                        : 3
# FlipFlops/Latches                : 3
#      FD                          : 1
#      FDR                         : 2
# Clock Buffers                    : 1
#      BUFGP                       : 1
# IO Buffers                       : 13
#      IBUF                        : 5
#      OBUF                        : 8

Device utilization summary:
---------------------------

Selected Device : 6slx45fgg484-3 


Slice Logic Utilization: 
 Number of Slice Registers:               3  out of  54576     0%  
 Number of Slice LUTs:                   12  out of  27288     0%  
    Number used as Logic:                12  out of  27288     0%  

Slice Logic Distribution: 
 Number of LUT Flip Flop pairs used:     12
   Number with an unused Flip Flop:       9  out of     12    75%  
   Number with an unused LUT:             0  out of     12     0%  
   Number of fully used LUT-FF pairs:     3  out of     12    25%  
   Number of unique control sets:         2

IO Utilization: 
 Number of IOs:                          14
 Number of bonded IOBs:                  14  out of    316     4%  

Specific Feature Utilization:
 Number of BUFG/BUFGCTRLs:                1  out of     16     6%  

---------------------------
Partition Resource Summary:
---------------------------

  No Partitions were found in this design.

---------------------------


=========================================================================
Timing Report

NOTE: THESE TIMING NUMBERS ARE ONLY A SYNTHESIS ESTIMATE.
      FOR ACCURATE TIMING INFORMATION PLEASE REFER TO THE TRACE REPORT
      GENERATED AFTER PLACE-and-ROUTE.

Clock Information:
------------------
-----------------------------------+------------------------+-------+
Clock Signal                       | Clock buffer(FF name)  | Load  |
-----------------------------------+------------------------+-------+
clk                                | BUFGP                  | 3     |
-----------------------------------+------------------------+-------+

Asynchronous Control Signals Information:
----------------------------------------
No asynchronous control signals found in this design

Timing Summary:
---------------
Speed Grade: -3

   Minimum period: 1.727ns (Maximum Frequency: 579.123MHz)
   Minimum input arrival time before clock: 3.555ns
   Maximum output required time after clock: 4.889ns
   Maximum combinational path delay: 5.590ns

Timing Details:
---------------
All values displayed in nanoseconds (ns)

=========================================================================
Timing constraint: Default period analysis for Clock 'clk'
  Clock period: 1.727ns (frequency: 579.123MHz)
  Total number of paths / destination ports: 9 / 3
-------------------------------------------------------------------------
Delay:               1.727ns (Levels of Logic = 1)
  Source:            state_FSM_FFd1 (FF)
  Destination:       state_FSM_FFd1 (FF)
  Source Clock:      clk rising
  Destination Clock: clk rising

  Data Path: state_FSM_FFd1 to state_FSM_FFd1
                                Gate     Net
    Cell:in->out      fanout   Delay   Delay  Logical Name (Net Name)
    ----------------------------------------  ------------
     FDR:C->Q              6   0.447   0.973  state_FSM_FFd1 (state_FSM_FFd1)
     LUT4:I1->O            1   0.205   0.000  state_FSM_FFd1-In1 (state_FSM_FFd1-In)
     FDR:D                     0.102          state_FSM_FFd1
    ----------------------------------------
    Total                      1.727ns (0.754ns logic, 0.973ns route)
                                       (43.7% logic, 56.3% route)

=========================================================================
Timing constraint: Default OFFSET IN BEFORE for Clock 'clk'
  Total number of paths / destination ports: 13 / 5
-------------------------------------------------------------------------
Offset:              3.555ns (Levels of Logic = 3)
  Source:            wr (PAD)
  Destination:       state_FSM_FFd3 (FF)
  Destination Clock: clk rising

  Data Path: wr to state_FSM_FFd3
                                Gate     Net
    Cell:in->out      fanout   Delay   Delay  Logical Name (Net Name)
    ----------------------------------------  ------------
     IBUF:I->O             3   1.222   0.879  wr_IBUF (wr_IBUF)
     LUT3:I0->O            1   0.205   0.944  state_FSM_FFd3-In11_SW0 (N2)
     LUT6:I0->O            1   0.203   0.000  state_FSM_FFd3_rstpot (state_FSM_FFd3_rstpot)
     FD:D                      0.102          state_FSM_FFd3
    ----------------------------------------
    Total                      3.555ns (1.732ns logic, 1.823ns route)
                                       (48.7% logic, 51.3% route)

=========================================================================
Timing constraint: Default OFFSET OUT AFTER for Clock 'clk'
  Total number of paths / destination ports: 15 / 7
-------------------------------------------------------------------------
Offset:              4.889ns (Levels of Logic = 2)
  Source:            state_FSM_FFd1 (FF)
  Destination:       lfu (PAD)
  Source Clock:      clk rising

  Data Path: state_FSM_FFd1 to lfu
                                Gate     Net
    Cell:in->out      fanout   Delay   Delay  Logical Name (Net Name)
    ----------------------------------------  ------------
     FDR:C->Q              6   0.447   1.089  state_FSM_FFd1 (state_FSM_FFd1)
     LUT6:I1->O            1   0.203   0.579  lfu1 (lfu_OBUF)
     OBUF:I->O                 2.571          lfu_OBUF (lfu)
    ----------------------------------------
    Total                      4.889ns (3.221ns logic, 1.668ns route)
                                       (65.9% logic, 34.1% route)

=========================================================================
Timing constraint: Default path analysis
  Total number of paths / destination ports: 6 / 4
-------------------------------------------------------------------------
Delay:               5.590ns (Levels of Logic = 3)
  Source:            hit (PAD)
  Destination:       lfu (PAD)

  Data Path: hit to lfu
                                Gate     Net
    Cell:in->out      fanout   Delay   Delay  Logical Name (Net Name)
    ----------------------------------------  ------------
     IBUF:I->O             3   1.222   1.015  hit_IBUF (hit_IBUF)
     LUT6:I0->O            1   0.203   0.579  lfu1 (lfu_OBUF)
     OBUF:I->O                 2.571          lfu_OBUF (lfu)
    ----------------------------------------
    Total                      5.590ns (3.996ns logic, 1.594ns route)
                                       (71.5% logic, 28.5% route)

=========================================================================

Cross Clock Domains Report:
--------------------------

Clock to Setup on destination clock clk
---------------+---------+---------+---------+---------+
               | Src:Rise| Src:Fall| Src:Rise| Src:Fall|
Source Clock   |Dest:Rise|Dest:Rise|Dest:Fall|Dest:Fall|
---------------+---------+---------+---------+---------+
clk            |    1.727|         |         |         |
---------------+---------+---------+---------+---------+

=========================================================================


Total REAL time to Xst completion: 5.00 secs
Total CPU time to Xst completion: 5.46 secs
 
--> 

Total memory usage is 196676 kilobytes

Number of errors   :    0 (   0 filtered)
Number of warnings :    0 (   0 filtered)
Number of infos    :    0 (   0 filtered)

