INFO:sim:172 - Generating IP...
Applying current project options...
Finished applying current project options.
Resolving generics for 'L2_mem'...
WARNING:sim - A core named 'L2_mem' already exists in the project. Output
   products for this core may be overwritten.
Applying external generics to 'L2_mem'...
Delivering associated files for 'L2_mem'...
Delivering EJava files for 'L2_mem'...
Generating implementation netlist for 'L2_mem'...
INFO:sim - Pre-processing HDL files for 'L2_mem'...
Running synthesis for 'L2_mem'
Running ngcbuild...
Writing VHO instantiation template for 'L2_mem'...
Writing VHDL behavioral simulation model for 'L2_mem'...
WARNING:sim - Overwriting existing file
   F:/EVM/Cash_proj/ipcore_dir/tmp/_cg/L2_mem/doc/blk_mem_gen_v7_3_vinfo.html
   with file from view xilinx_documentation
Delivered 1 file into directory F:/EVM/Cash_proj/ipcore_dir/tmp/_cg/L2_mem
Generating ASY schematic symbol...
INFO:sim:949 - Finished generation of ASY schematic symbol.
Generating SYM schematic symbol for 'L2_mem'...
Generating metadata file...
Regenerating ISE project file for 'L2_mem'...
Generating ISE project...
XCO file found: L2_mem.xco
XMDF file found: L2_mem_xmdf.tcl
Adding F:/EVM/Cash_proj/ipcore_dir/tmp/_cg/L2_mem.asy -view all -origin_type
imported
Adding F:/EVM/Cash_proj/ipcore_dir/tmp/_cg/L2_mem.ngc -view all -origin_type
created
Checking file "F:/EVM/Cash_proj/ipcore_dir/tmp/_cg/L2_mem.ngc" for project
device match ...
File "F:/EVM/Cash_proj/ipcore_dir/tmp/_cg/L2_mem.ngc" device information matches
project device.
Adding F:/EVM/Cash_proj/ipcore_dir/tmp/_cg/L2_mem.sym -view all -origin_type
imported
Adding F:/EVM/Cash_proj/ipcore_dir/tmp/_cg/L2_mem.vhd -view all -origin_type
created
INFO:HDLCompiler:1061 - Parsing VHDL file
   "F:/EVM/Cash_proj/ipcore_dir/tmp/_cg/L2_mem.vhd" into library work
INFO:ProjectMgmt - Parsing design hierarchy completed successfully.
Adding F:/EVM/Cash_proj/ipcore_dir/tmp/_cg/L2_mem.vho -view all -origin_type
imported
INFO:TclTasksC:2116 - The automatic calculation of top has been turned-off.
   Please set the new top explicitly by running the "project set top" command.
   To re-calculate the new top automatically, set the "Auto Implementation Top"
   property to true.
Top level has been set to "/L2_mem"
Generating README file...
Generating FLIST file...
INFO:sim:948 - Finished FLIST file generation.
Moving files to output directory...
Finished moving files to output directory
Wrote CGP file for project 'L2_mem'.
